-------------------------------------------------------------------------------
Test set: Login with parameters)
-------------------------------------------------------------------------------
Tests run: 1, Failures: 1, Errors: 0, Skipped: 0, Time elapsed: 23.856 s <<< FAILURE! - in Login with parameters)
Login with parameters).Login as librarian 50(Library app login feature   Time elapsed: 23.856 s  <<< FAILURE!
org.junit.ComparisonFailure: expected:<1[29]9> but was:<1[30]9>

