-------------------------------------------------------------------------------
Test set: User account tests
-------------------------------------------------------------------------------
Tests run: 24, Failures: 1, Errors: 0, Skipped: 0, Time elapsed: 241.307 s <<< FAILURE! - in User account tests
User account tests.Verify user information student36@library  Time elapsed: 9.493 s  <<< FAILURE!
org.junit.ComparisonFailure: expected:<[Test Student 36]> but was:<[]>

